21:22:10.970 INFO  Server is running on port: undefined 
21:22:26.610 INFO  Server is running on port: 3006 
21:22:36.268 INFO  Server is running on port: 3006 
21:22:53.654 INFO  Server is running on port: 3006 
21:23:07.025 INFO  Server is running on port: 3006 
21:29:33.195 INFO  Server is running on port: 3006 
21:33:36.663 INFO  Server is running on port: 3006 
21:34:15.659 INFO  Server is running on port: 3006 
21:34:22.312 INFO  Server is running on port: 3006 
21:34:26.084 INFO  Server is running on port: 3006 
21:34:31.150 INFO  Server is running on port: 3006 
21:34:33.968 INFO  Server is running on port: 3006 
21:34:39.640 INFO  Connection %d connected117 
21:34:39.640 INFO  Connection %d acquired117 
21:34:39.644 INFO  Connection %d released117 
21:34:50.343 INFO  Server is running on port: 3006 
21:34:55.922 INFO  Server is running on port: 3006 
21:35:06.487 INFO  Server is running on port: 3006 
21:35:25.240 INFO  Server is running on port: 3006 
21:36:39.313 INFO  Server is running on port: 3006 
21:37:02.776 INFO  Server is running on port: 3006 
21:37:12.490 INFO  Server is running on port: 3006 
21:37:25.041 INFO  Server is running on port: 3006 
21:37:30.251 INFO  Server is running on port: 3006 
21:37:35.306 INFO  Server is running on port: 3006 
21:37:41.926 INFO  Server is running on port: 3006 
21:37:45.068 INFO  Connection %d connected122 
21:37:45.068 INFO  Connection %d acquired122 
21:37:45.072 INFO  Connection %d released122 
21:38:10.789 INFO  Server is running on port: 3006 
21:38:13.401 INFO  Server is running on port: 3006 
21:40:08.409 INFO  Server is running on port: 3006 
21:40:10.680 INFO  Server is running on port: 3006 
21:40:45.993 INFO  Server is running on port: undefined 
21:40:48.126 INFO  Server is running on port: 3006 
21:40:53.098 INFO  Server is running on port: 3006 
21:41:01.057 INFO  Server is running on port: 3006 
21:41:29.818 INFO  Server is running on port: 3006 
21:41:39.176 INFO  Server is running on port: undefined 
21:41:41.490 INFO  Server is running on port: 3006 
21:41:54.461 INFO  Server is running on port: 3006 
21:41:56.604 INFO  Server is running on port: 3006 
21:42:06.983 INFO  Server is running on port: 3006 
21:42:24.724 INFO  Server is running on port: 3006 
21:42:29.886 INFO  Server is running on port: 3006 
21:42:34.781 INFO  Server is running on port: 3006 
21:42:36.276 INFO  Server is running on port: 3006 
21:42:43.883 INFO  Server is running on port: 3006 
21:42:46.892 INFO  Server is running on port: 3006 
21:42:51.213 INFO  Server is running on port: 3006 
21:42:56.958 INFO  Server is running on port: 3006 
21:43:15.495 INFO  Server is running on port: 3006 
21:43:52.619 INFO  Server is running on port: 3006 
21:44:17.508 INFO  Server is running on port: 3006 
21:44:46.263 INFO  Server is running on port: 3006 
21:46:42.417 INFO  Server is running on port: 3006 
21:47:29.222 INFO  Server is running on port: 3006 
21:48:18.739 INFO  Connection %d connected124 
21:48:18.739 INFO  Connection %d acquired124 
21:48:18.744 INFO  Connection %d released124 
21:48:33.781 INFO  Server is running on port: 3006 
21:48:41.957 INFO  Server is running on port: 3006 
21:48:50.640 INFO  Server is running on port: 3006 
21:49:33.369 INFO  Server is running on port: 3006 
21:49:34.666 INFO  Server is running on port: 3006 
21:49:39.791 INFO  Connection %d connected125 
21:49:39.791 INFO  Connection %d acquired125 
21:49:39.798 INFO  Connection %d released125 
16:15:52.771 INFO  Server is running on port: 3006 
16:41:34.271 INFO  Server is running on port: 3006 
16:50:35.783 INFO  Server is running on port: 3006 
16:51:12.196 INFO  Server is running on port: 3006 
16:51:14.829 INFO  Connection %d connected12 
16:51:14.829 INFO  Connection %d acquired12 
16:51:14.896 INFO  Connection %d released12 
16:51:24.935 INFO  Server is running on port: 3006 
16:51:26.174 INFO  Server is running on port: 3006 
16:51:48.279 INFO  Server is running on port: 3006 
16:52:22.396 INFO  Server is running on port: 3006 
16:52:28.497 INFO  Server is running on port: 3006 
16:52:32.103 INFO  Server is running on port: 3006 
16:52:53.214 INFO  Server is running on port: 3006 
16:52:58.422 INFO  Server is running on port: 3006 
16:53:10.275 INFO  Server is running on port: 3006 
16:53:18.416 INFO  Server is running on port: 3006 
16:53:21.413 INFO  Server is running on port: 3006 
16:53:28.770 INFO  Server is running on port: 3006 
16:53:36.049 INFO  Server is running on port: 3006 
16:53:38.425 INFO  Server is running on port: 3006 
16:54:08.151 INFO  Server is running on port: 3006 
16:54:43.695 INFO  Server is running on port: 3006 
16:55:00.296 INFO  Server is running on port: 3006 
16:55:06.973 INFO  Server is running on port: 3006 
16:55:13.571 INFO  Server is running on port: 3006 
16:55:38.447 INFO  Server is running on port: 3006 
16:55:44.796 INFO  Server is running on port: 3006 
16:55:47.592 INFO  Server is running on port: 3006 
16:55:48.955 INFO  Server is running on port: 3006 
16:55:50.905 INFO  Server is running on port: 3006 
16:55:58.322 INFO  Server is running on port: 3006 
16:56:02.703 INFO  Server is running on port: 3006 
16:56:20.949 INFO  Server is running on port: 3006 
16:56:23.219 INFO  Server is running on port: 3006 
16:56:29.141 INFO  Server is running on port: 3006 
16:56:35.406 INFO  Server is running on port: 3006 
16:57:46.317 INFO  Server is running on port: 3006 
16:57:50.441 INFO  Server is running on port: 3006 
16:57:55.330 INFO  Server is running on port: 3006 
16:57:59.299 INFO  Server is running on port: 3006 
16:58:02.899 INFO  Server is running on port: 3006 
16:58:09.660 INFO  Server is running on port: 3006 
16:58:10.883 INFO  Server is running on port: 3006 
16:58:18.518 INFO  Server is running on port: 3006 
16:58:20.657 INFO  Server is running on port: 3006 
16:58:33.167 INFO  Server is running on port: 3006 
16:58:38.628 INFO  Server is running on port: 3006 
16:58:43.143 INFO  Server is running on port: 3006 
16:58:47.823 INFO  Server is running on port: 3006 
16:58:52.648 INFO  Server is running on port: 3006 
16:59:10.660 INFO  Server is running on port: 3006 
16:59:13.010 INFO  Server is running on port: 3006 
16:59:21.407 INFO  Server is running on port: 3006 
16:59:25.190 INFO  Server is running on port: 3006 
17:02:45.055 INFO  Server is running on port: 3006 
17:07:08.086 INFO  Server is running on port: 3006 
17:07:12.157 INFO  Server is running on port: 3006 
17:07:19.397 INFO  Server is running on port: 3006 
17:07:24.090 INFO  Server is running on port: 3006 
17:07:30.331 INFO  Server is running on port: 3006 
17:08:41.447 INFO  Server is running on port: 3006 
17:08:45.861 INFO  Server is running on port: 3006 
17:08:47.904 INFO  Server is running on port: 3006 
17:08:52.856 INFO  Server is running on port: 3006 
17:08:55.023 INFO  Server is running on port: 3006 
17:09:02.098 INFO  Server is running on port: 3006 
17:09:05.581 INFO  Server is running on port: 3006 
17:09:09.867 INFO  Server is running on port: 3006 
17:09:14.629 INFO  Server is running on port: 3006 
17:09:24.292 INFO  Server is running on port: 3006 
17:09:29.441 INFO  Server is running on port: 3006 
17:09:34.583 INFO  Server is running on port: 3006 
17:09:40.134 INFO  Server is running on port: 3006 
17:09:48.755 INFO  Server is running on port: 3006 
17:09:52.615 INFO  Server is running on port: 3006 
17:09:53.911 INFO  Server is running on port: 3006 
17:10:01.289 INFO  Server is running on port: 3006 
17:10:06.805 INFO  Server is running on port: 3006 
17:10:12.578 INFO  Server is running on port: 3006 
17:10:16.643 INFO  Server is running on port: 3006 
17:10:22.401 INFO  Server is running on port: 3006 
17:11:02.038 INFO  Server is running on port: 3006 
17:11:07.971 INFO  Server is running on port: 3006 
17:12:13.704 INFO  Server is running on port: 3006 
17:12:20.336 INFO  Server is running on port: 3006 
17:12:29.002 INFO  Server is running on port: 3006 
17:12:31.966 INFO  Server is running on port: 3006 
17:12:38.811 INFO  Server is running on port: 3006 
17:12:42.008 INFO  Server is running on port: 3006 
17:12:48.356 INFO  Server is running on port: 3006 
17:12:57.466 INFO  Server is running on port: 3006 
17:12:58.194 INFO  Server is running on port: 3006 
17:13:03.267 INFO  Server is running on port: 3006 
17:13:03.897 INFO  Server is running on port: 3006 
17:13:07.401 INFO  Server is running on port: 3006 
17:13:30.760 INFO  Server is running on port: 3006 
17:13:33.835 INFO  Server is running on port: 3006 
17:13:44.063 INFO  Server is running on port: 3006 
17:13:46.692 INFO  Server is running on port: 3006 
17:13:48.896 INFO  Server is running on port: 3006 
17:14:05.689 INFO  Server is running on port: 3006 
17:14:32.700 INFO  Server is running on port: 3006 
17:15:52.780 INFO  Server is running on port: 3006 
17:16:15.175 INFO  Server is running on port: 3006 
17:17:15.798 INFO  Server is running on port: 3006 
17:17:51.884 INFO  Server is running on port: 3006 
17:18:29.969 INFO  Server is running on port: 3006 
17:18:35.654 INFO  Server is running on port: 3006 
17:18:39.284 INFO  Server is running on port: 3006 
17:18:44.197 INFO  Server is running on port: 3006 
17:18:45.985 INFO  Connection %d connected13 
17:18:45.985 INFO  Connection %d acquired13 
17:18:45.986 INFO  Connection %d released13 
17:19:14.914 INFO  Server is running on port: 3006 
17:19:17.747 INFO  Connection %d connected14 
17:19:17.747 INFO  Connection %d acquired14 
17:19:17.748 INFO  Connection %d released14 
17:19:27.784 INFO  Server is running on port: 3006 
17:19:29.310 INFO  Connection %d connected15 
17:19:29.310 INFO  Connection %d acquired15 
17:19:29.330 INFO  Connection %d released15 
17:19:39.117 INFO  Server is running on port: 3006 
17:19:41.102 INFO  Connection %d connected16 
17:19:41.102 INFO  Connection %d acquired16 
17:19:41.104 INFO  Connection %d released16 
17:20:11.834 INFO  Server is running on port: 3006 
17:20:18.964 INFO  Server is running on port: 3006 
17:20:22.443 INFO  Server is running on port: 3006 
17:20:24.903 INFO  Server is running on port: 3006 
17:20:27.087 INFO  Connection %d connected17 
17:20:27.088 INFO  Connection %d acquired17 
17:20:27.089 INFO  Connection %d released17 
17:20:35.539 INFO  Server is running on port: 3006 
17:20:37.644 INFO  Connection %d connected18 
17:20:37.644 INFO  Connection %d acquired18 
17:20:37.664 INFO  Connection %d released18 
17:21:17.917 INFO  Server is running on port: 3006 
17:21:20.367 INFO  Connection %d connected19 
17:21:20.367 INFO  Connection %d acquired19 
17:21:20.401 INFO  Connection %d released19 
17:22:38.366 INFO  Server is running on port: 3006 
17:23:52.375 INFO  Server is running on port: 3006 
17:23:55.060 INFO  Connection %d connected20 
17:23:55.060 INFO  Connection %d acquired20 
17:23:55.062 INFO  Connection %d released20 
17:24:01.758 INFO  Server is running on port: 3006 
17:24:05.083 INFO  Server is running on port: 3006 
17:24:06.546 INFO  Connection %d connected21 
17:24:06.546 INFO  Connection %d acquired21 
17:24:06.547 INFO  Connection %d released21 
17:24:12.070 INFO  Server is running on port: 3006 
17:24:15.891 INFO  Server is running on port: 3006 
17:25:13.012 INFO  Server is running on port: 3006 
17:25:14.609 INFO  Connection %d connected22 
17:25:14.609 INFO  Connection %d acquired22 
17:25:14.610 INFO  Connection %d released22 
17:25:20.925 INFO  Server is running on port: 3006 
17:25:29.208 INFO  Server is running on port: 3006 
17:25:34.642 INFO  Server is running on port: 3006 
17:25:43.337 INFO  Server is running on port: 3006 
17:25:43.924 INFO  Server is running on port: 3006 
17:25:46.734 INFO  Server is running on port: 3006 
17:25:48.994 INFO  Server is running on port: 3006 
17:25:56.210 INFO  Server is running on port: 3006 
17:25:59.866 INFO  Server is running on port: 3006 
17:26:04.644 INFO  Server is running on port: 3006 
17:26:06.770 INFO  Server is running on port: 3006 
17:26:10.431 INFO  Server is running on port: 3006 
17:26:12.529 INFO  Connection %d connected23 
17:26:12.529 INFO  Connection %d acquired23 
17:26:12.531 INFO  Connection %d released23 
17:26:17.616 INFO  Server is running on port: 3006 
17:26:20.636 INFO  Connection %d connected24 
17:26:20.636 INFO  Connection %d acquired24 
17:26:20.639 INFO  Connection %d released24 
17:26:29.289 INFO  Server is running on port: 3006 
17:26:30.483 INFO  Connection %d connected25 
17:26:30.483 INFO  Connection %d acquired25 
17:26:30.487 INFO  Connection %d released25 
17:26:55.257 INFO  Connection %d acquired25 
17:26:55.258 INFO  Connection %d released25 
17:27:08.329 INFO  Server is running on port: 3006 
17:27:41.134 INFO  Server is running on port: 3006 
17:27:59.797 INFO  Server is running on port: 3006 
17:28:05.040 INFO  Server is running on port: 3006 
17:28:09.313 INFO  Server is running on port: 3006 
17:28:12.331 INFO  Server is running on port: 3006 
17:28:21.902 INFO  Server is running on port: 3006 
17:28:31.261 INFO  Server is running on port: 3006 
17:28:38.845 INFO  Server is running on port: 3006 
17:28:42.403 INFO  Server is running on port: 3006 
17:29:45.188 INFO  Server is running on port: 3006 
17:29:49.203 INFO  Connection %d connected26 
17:29:49.203 INFO  Connection %d acquired26 
17:29:49.244 INFO  Connection %d released26 
17:29:56.994 INFO  Server is running on port: 3006 
17:29:59.816 INFO  Connection %d connected27 
17:29:59.816 INFO  Connection %d acquired27 
17:29:59.818 INFO  Connection %d released27 
17:30:07.699 INFO  Server is running on port: 3006 
17:30:09.720 INFO  Server is running on port: 3006 
17:30:13.215 INFO  Server is running on port: 3006 
17:30:24.156 INFO  Server is running on port: 3006 
17:30:25.450 INFO  Server is running on port: 3006 
17:30:34.404 INFO  Server is running on port: 3006 
17:31:44.717 INFO  Server is running on port: 3006 
17:31:56.945 INFO  Server is running on port: 3006 
17:32:08.779 INFO  Server is running on port: 3006 
17:32:12.515 INFO  Server is running on port: 3006 
17:32:45.522 INFO  Connection %d connected28 
17:32:45.523 INFO  Connection %d acquired28 
17:32:45.573 INFO  Connection %d released28 
17:33:20.317 INFO  Server is running on port: 3006 
17:33:32.061 INFO  Server is running on port: 3006 
17:33:36.244 INFO  Server is running on port: 3006 
17:33:40.410 INFO  Server is running on port: 3006 
17:33:46.338 INFO  Server is running on port: 3006 
17:33:49.656 INFO  Server is running on port: 3006 
17:34:03.571 INFO  Server is running on port: 3006 
17:34:06.585 INFO  Server is running on port: 3006 
17:34:19.044 INFO  Server is running on port: 3006 
17:34:24.418 INFO  Server is running on port: 3006 
17:37:02.271 INFO  Server is running on port: 3006 
17:37:05.955 INFO  Server is running on port: 3006 
17:37:24.730 INFO  Server is running on port: 3006 
17:37:31.984 INFO  Server is running on port: 3006 
17:37:36.679 INFO  Server is running on port: 3006 
17:37:38.747 INFO  Server is running on port: 3006 
17:37:46.568 INFO  Server is running on port: 3006 
17:37:50.124 INFO  Server is running on port: 3006 
17:37:58.111 INFO  Server is running on port: 3006 
17:38:00.879 INFO  Server is running on port: 3006 
17:38:04.805 INFO  Server is running on port: 3006 
17:38:09.089 INFO  Server is running on port: 3006 
17:38:13.133 INFO  Server is running on port: 3006 
17:38:15.128 INFO  Server is running on port: 3006 
17:38:18.501 INFO  Server is running on port: 3006 
17:38:20.655 INFO  Server is running on port: 3006 
17:38:28.047 INFO  Server is running on port: 3006 
17:38:34.382 INFO  Server is running on port: 3006 
17:38:41.696 INFO  Server is running on port: 3006 
17:38:43.638 INFO  Server is running on port: 3006 
17:38:47.040 INFO  Server is running on port: 3006 
17:39:15.532 INFO  Server is running on port: 3006 
17:39:16.719 INFO  Server is running on port: 3006 
17:39:26.516 INFO  Server is running on port: 3006 
17:39:27.180 INFO  Server is running on port: 3006 
17:39:34.016 INFO  Server is running on port: 3006 
17:40:26.619 INFO  Connection %d connected29 
17:40:26.619 INFO  Connection %d acquired29 
17:40:26.628 INFO  Connection %d released29 
17:41:26.520 INFO  Server is running on port: 3006 
17:41:28.958 INFO  Server is running on port: 3006 
17:41:31.185 INFO  Server is running on port: 3006 
17:41:33.306 INFO  Server is running on port: 3006 
17:41:34.476 INFO  Server is running on port: 3006 
17:41:36.950 INFO  Connection %d connected30 
17:41:36.950 INFO  Connection %d acquired30 
17:41:36.976 INFO  Connection %d released30 
17:42:27.146 INFO  Connection %d acquired30 
17:42:27.154 INFO  Connection %d released30 
17:42:49.693 INFO  Server is running on port: 3006 
17:43:07.557 INFO  Server is running on port: 3006 
17:43:13.327 INFO  Server is running on port: 3006 
17:43:22.548 INFO  Server is running on port: 3006 
17:43:33.284 INFO  Server is running on port: 3006 
17:43:36.344 INFO  Server is running on port: 3006 
17:43:44.575 INFO  Server is running on port: 3006 
17:43:46.680 INFO  Server is running on port: 3006 
17:43:49.865 INFO  Server is running on port: 3006 
17:43:51.649 INFO  Server is running on port: 3006 
17:43:55.354 INFO  Server is running on port: 3006 
17:44:02.899 INFO  Server is running on port: 3006 
17:44:04.550 INFO  Server is running on port: 3006 
17:44:07.331 INFO  Server is running on port: 3006 
17:44:08.752 INFO  Server is running on port: 3006 
17:44:22.688 INFO  Server is running on port: 3006 
17:44:31.792 INFO  Server is running on port: 3006 
17:44:32.909 INFO  Server is running on port: 3006 
17:44:37.538 INFO  Server is running on port: 3006 
17:44:41.705 INFO  Server is running on port: 3006 
17:44:48.994 INFO  Server is running on port: 3006 
17:44:53.375 INFO  Server is running on port: 3006 
17:44:59.419 INFO  Connection %d connected31 
17:44:59.419 INFO  Connection %d acquired31 
17:44:59.426 INFO  Connection %d released31 
17:45:13.808 INFO  Connection %d acquired31 
17:45:13.820 INFO  Connection %d released31 
17:45:19.321 INFO  Server is running on port: 3006 
17:45:32.434 INFO  Server is running on port: 3006 
17:45:37.650 INFO  Server is running on port: 3006 
17:45:42.660 INFO  Server is running on port: 3006 
17:45:45.045 INFO  Server is running on port: 3006 
17:45:51.912 INFO  Server is running on port: 3006 
17:46:05.158 INFO  Server is running on port: 3006 
17:46:08.161 INFO  Server is running on port: 3006 
17:46:10.726 INFO  Server is running on port: 3006 
17:46:15.069 INFO  Server is running on port: 3006 
17:46:19.579 INFO  Server is running on port: 3006 
17:46:22.143 INFO  Server is running on port: 3006 
17:46:27.454 INFO  Server is running on port: 3006 
17:46:28.336 INFO  Server is running on port: 3006 
17:46:32.307 INFO  Server is running on port: 3006 
17:46:57.192 INFO  Connection %d connected32 
17:46:57.192 INFO  Connection %d acquired32 
17:46:57.208 INFO  Connection %d released32 
17:47:03.997 INFO  Server is running on port: 3006 
17:47:48.924 INFO  Server is running on port: 3006 
17:47:52.820 INFO  Server is running on port: 3006 
17:47:55.295 INFO  Connection %d connected33 
17:47:55.295 INFO  Connection %d acquired33 
17:47:55.302 INFO  Connection %d released33 
17:48:29.432 INFO  Connection %d acquired33 
17:48:29.439 INFO  Connection %d released33 
17:48:39.068 INFO  Connection %d acquired33 
17:48:39.074 INFO  Connection %d released33 
17:48:42.519 INFO  Connection %d acquired33 
17:48:42.523 INFO  Connection %d released33 
17:49:02.126 INFO  Connection %d acquired33 
17:49:02.134 INFO  Connection %d released33 
17:49:12.848 INFO  Connection %d acquired33 
17:49:12.854 INFO  Connection %d released33 
17:49:22.661 INFO  Connection %d acquired33 
17:49:22.667 INFO  Connection %d released33 
17:49:32.667 INFO  Server is running on port: 3006 
17:49:38.462 INFO  Server is running on port: 3006 
17:50:02.048 INFO  Server is running on port: 3006 
17:50:05.726 INFO  Server is running on port: 3006 
17:50:10.039 INFO  Server is running on port: 3006 
17:50:19.844 INFO  Server is running on port: 3006 
17:50:22.566 INFO  Server is running on port: 3006 
17:50:29.505 INFO  Server is running on port: 3006 
17:50:53.003 INFO  Server is running on port: 3006 
17:51:30.893 INFO  Server is running on port: 3006 
17:51:45.081 INFO  Server is running on port: 3006 
17:51:50.271 INFO  Server is running on port: 3006 
17:51:56.734 INFO  Server is running on port: 3006 
17:52:02.103 INFO  Server is running on port: 3006 
17:52:17.942 INFO  Server is running on port: 3006 
17:52:21.590 INFO  Server is running on port: 3006 
17:52:28.695 INFO  Server is running on port: 3006 
17:52:33.224 INFO  Server is running on port: 3006 
17:52:35.137 INFO  Server is running on port: 3006 
17:52:37.611 INFO  Server is running on port: 3006 
17:53:20.798 INFO  Connection %d connected34 
17:53:20.798 INFO  Connection %d acquired34 
17:53:20.805 INFO  Connection %d released34 
17:54:32.037 INFO  Server is running on port: 3006 
17:54:35.553 INFO  Server is running on port: 3006 
17:54:40.039 INFO  Server is running on port: 3006 
17:54:47.240 INFO  Server is running on port: 3006 
17:54:56.422 INFO  Server is running on port: 3006 
17:55:03.993 INFO  Server is running on port: 3006 
17:55:10.508 INFO  Server is running on port: 3006 
17:55:16.333 INFO  Server is running on port: 3006 
17:55:20.815 INFO  Server is running on port: 3006 
17:55:25.546 INFO  Server is running on port: 3006 
17:55:29.757 INFO  Server is running on port: 3006 
17:55:33.961 INFO  Server is running on port: 3006 
17:55:37.319 INFO  Server is running on port: 3006 
17:55:39.278 INFO  Server is running on port: 3006 
17:55:51.125 INFO  Server is running on port: 3006 
17:55:56.210 INFO  Server is running on port: 3006 
17:56:31.729 INFO  Connection %d connected35 
17:56:31.729 INFO  Connection %d acquired35 
17:56:31.741 INFO  Connection %d released35 
17:57:03.488 INFO  Server is running on port: 3006 
17:57:04.230 INFO  Server is running on port: 3006 
17:57:06.692 INFO  Connection %d connected36 
17:57:06.692 INFO  Connection %d acquired36 
17:57:06.709 INFO  Connection %d released36 
17:57:45.790 INFO  Server is running on port: 3006 
17:57:55.625 INFO  Server is running on port: 3006 
17:58:08.778 INFO  Server is running on port: 3006 
17:58:17.369 INFO  Server is running on port: 3006 
17:58:19.519 INFO  Server is running on port: 3006 
17:58:22.293 INFO  Server is running on port: 3006 
17:58:26.329 INFO  Server is running on port: 3006 
17:58:29.907 INFO  Server is running on port: 3006 
17:58:41.915 INFO  Server is running on port: 3006 
17:58:49.352 INFO  Server is running on port: 3006 
17:59:03.177 INFO  Server is running on port: 3006 
17:59:17.528 INFO  Server is running on port: 3006 
17:59:28.030 INFO  Server is running on port: 3006 
18:00:03.554 INFO  Connection %d connected37 
18:00:03.554 INFO  Connection %d acquired37 
18:00:03.564 INFO  Connection %d released37 
18:00:13.511 INFO  Connection %d acquired37 
18:00:13.525 INFO  Connection %d released37 
18:00:44.442 INFO  Server is running on port: 3006 
18:00:55.914 INFO  Server is running on port: 3006 
18:01:03.398 INFO  Server is running on port: 3006 
18:01:06.586 INFO  Server is running on port: 3006 
18:01:10.287 INFO  Server is running on port: 3006 
18:01:16.097 INFO  Server is running on port: 3006 
18:01:17.810 INFO  Server is running on port: 3006 
18:01:25.214 INFO  Server is running on port: 3006 
18:01:28.196 INFO  Server is running on port: 3006 
18:01:31.168 INFO  Server is running on port: 3006 
18:01:52.879 INFO  Connection %d connected38 
18:01:52.879 INFO  Connection %d acquired38 
18:01:52.885 INFO  Connection %d released38 
18:01:59.110 INFO  Connection %d acquired38 
18:01:59.120 INFO  Connection %d released38 
18:02:27.486 INFO  Server is running on port: 3006 
18:02:32.289 INFO  Server is running on port: 3006 
18:02:34.669 INFO  Server is running on port: 3006 
